Using pre-set license
Built from '2021.3/staging' branch; Version is '2021.3.16f1 (4016570cf34f) revision 4200023'; Using compiler version '192829333'; Build Type 'Release'
OS: 'Windows 10  (10.0.19044) 64bit Education' Language: 'en' Physical Memory: 16303 MB
BatchMode: 1, IsHumanControllingUs: 0, StartBugReporterOnCrash: 0, Is64bit: 1, IsPro: 1

COMMAND LINE ARGUMENTS:
B:\Program Files\Unity\Unity 2021.3.16f1\Editor\Unity.exe
-adb2
-batchMode
-noUpm
-name
AssetImportWorker0
-projectPath
C:/Users/Christian/Desktop/Final Project Christian Catalano/Final Project Christian Catalano
-logFile
Logs/AssetImportWorker0.log
-srvPort
62083
Successfully changed project path to: C:/Users/Christian/Desktop/Final Project Christian Catalano/Final Project Christian Catalano
C:/Users/Christian/Desktop/Final Project Christian Catalano/Final Project Christian Catalano
[UnityMemory] Configuration Parameters - Can be set up in boot.config
    "memorysetup-bucket-allocator-granularity=16"
    "memorysetup-bucket-allocator-bucket-count=8"
    "memorysetup-bucket-allocator-block-size=33554432"
    "memorysetup-bucket-allocator-block-count=8"
    "memorysetup-main-allocator-block-size=16777216"
    "memorysetup-thread-allocator-block-size=16777216"
    "memorysetup-gfx-main-allocator-block-size=16777216"
    "memorysetup-gfx-thread-allocator-block-size=16777216"
    "memorysetup-cache-allocator-block-size=4194304"
    "memorysetup-typetree-allocator-block-size=2097152"
    "memorysetup-profiler-bucket-allocator-granularity=16"
    "memorysetup-profiler-bucket-allocator-bucket-count=8"
    "memorysetup-profiler-bucket-allocator-block-size=33554432"
    "memorysetup-profiler-bucket-allocator-block-count=8"
    "memorysetup-profiler-allocator-block-size=16777216"
    "memorysetup-profiler-editor-allocator-block-size=1048576"
    "memorysetup-temp-allocator-size-main=16777216"
    "memorysetup-job-temp-allocator-block-size=2097152"
    "memorysetup-job-temp-allocator-block-size-background=1048576"
    "memorysetup-job-temp-allocator-reduction-small-platforms=262144"
    "memorysetup-temp-allocator-size-background-worker=32768"
    "memorysetup-temp-allocator-size-job-worker=262144"
    "memorysetup-temp-allocator-size-preload-manager=33554432"
    "memorysetup-temp-allocator-size-nav-mesh-worker=65536"
    "memorysetup-temp-allocator-size-audio-worker=65536"
    "memorysetup-temp-allocator-size-cloud-worker=32768"
    "memorysetup-temp-allocator-size-gi-baking-worker=262144"
    "memorysetup-temp-allocator-size-gfx=262144"
Player connection [60100] Host "[IP] 192.168.2.26 [Port] 0 [Flags] 2 [Guid] 920899217 [EditorId] 920899217 [Version] 1048832 [Id] WindowsEditor(7,DESKTOP-7K4AB9R) [Debug] 1 [PackageName] WindowsEditor [ProjectName] Editor" joined multi-casting on [225.0.0.222:54997]...

Player connection [60100] Host "[IP] 192.168.2.26 [Port] 0 [Flags] 2 [Guid] 920899217 [EditorId] 920899217 [Version] 1048832 [Id] WindowsEditor(7,DESKTOP-7K4AB9R) [Debug] 1 [PackageName] WindowsEditor [ProjectName] Editor" joined alternative multi-casting on [225.0.0.222:34997]...

Refreshing native plugins compatible for Editor in 104.17 ms, found 4 plugins.
Preloading 0 native plugins for Editor in 0.00 ms.
Initialize engine version: 2021.3.16f1 (4016570cf34f)
[Subsystems] Discovering subsystems at path B:/Program Files/Unity/Unity 2021.3.16f1/Editor/Data/Resources/UnitySubsystems
[Subsystems] Discovering subsystems at path C:/Users/Christian/Desktop/Final Project Christian Catalano/Final Project Christian Catalano/Assets
GfxDevice: creating device client; threaded=0; jobified=0
Direct3D:
    Version:  Direct3D 11.0 [level 11.1]
    Renderer: NVIDIA GeForce GTX 1070 (ID=0x1b81)
    Vendor:   NVIDIA
    VRAM:     8081 MB
    Driver:   31.0.15.3141
Initialize mono
Mono path[0] = 'B:/Program Files/Unity/Unity 2021.3.16f1/Editor/Data/Managed'
Mono path[1] = 'B:/Program Files/Unity/Unity 2021.3.16f1/Editor/Data/MonoBleedingEdge/lib/mono/unityjit-win32'
Mono config path = 'B:/Program Files/Unity/Unity 2021.3.16f1/Editor/Data/MonoBleedingEdge/etc'
Using monoOptions --debugger-agent=transport=dt_socket,embedding=1,server=y,suspend=n,address=127.0.0.1:56344
Begin MonoManager ReloadAssembly
Registering precompiled unity dll's ...
Register platform support module: B:/Program Files/Unity/Unity 2021.3.16f1/Editor/Data/PlaybackEngines/WindowsStandaloneSupport/UnityEditor.WindowsStandalone.Extensions.dll
Registered in 0.011866 seconds.
Native extension for WindowsStandalone target not found
Refreshing native plugins compatible for Editor in 90.95 ms, found 4 plugins.
Preloading 0 native plugins for Editor in 0.00 ms.
Mono: successfully reloaded assembly
- Completed reload, in  0.772 seconds
Domain Reload Profiling:
	ReloadAssembly (773ms)
		BeginReloadAssembly (110ms)
			ExecutionOrderSort (0ms)
			DisableScriptedObjects (0ms)
			BackupInstance (0ms)
			ReleaseScriptingObjects (0ms)
			CreateAndSetChildDomain (1ms)
		EndReloadAssembly (535ms)
			LoadAssemblies (106ms)
			RebuildTransferFunctionScriptingTraits (0ms)
			SetupTypeCache (103ms)
			ReleaseScriptCaches (0ms)
			RebuildScriptCaches (31ms)
			SetupLoadedEditorAssemblies (338ms)
				LogAssemblyErrors (0ms)
				InitializePlatformSupportModulesInManaged (9ms)
				SetLoadedEditorAssemblies (0ms)
				RefreshPlugins (91ms)
				BeforeProcessingInitializeOnLoad (1ms)
				ProcessInitializeOnLoadAttributes (165ms)
				ProcessInitializeOnLoadMethodAttributes (72ms)
				AfterProcessingInitializeOnLoad (0ms)
				EditorAssembliesLoaded (0ms)
			ExecutionOrderSort2 (0ms)
			AwakeInstancesAfterBackupRestoration (0ms)
Platform modules already initialized, skipping
Registering precompiled user dll's ...
Registered in 0.012123 seconds.
Begin MonoManager ReloadAssembly
Symbol file LoadedFromMemory doesn't match image C:\Users\Christian\Desktop\Final Project Christian Catalano\Final Project Christian Catalano\Library\PackageCache\com.unity.visualscripting@1.7.8\Editor\VisualScripting.Core\Dependencies\YamlDotNet\Unity.VisualScripting.YamlDotNet.dll
Symbol file LoadedFromMemory doesn't match image C:\Users\Christian\Desktop\Final Project Christian Catalano\Final Project Christian Catalano\Library\PackageCache\com.unity.visualscripting@1.7.8\Editor\VisualScripting.Core\Dependencies\DotNetZip\Unity.VisualScripting.IonicZip.dll
Native extension for WindowsStandalone target not found
Refreshing native plugins compatible for Editor in 83.64 ms, found 4 plugins.
Preloading 0 native plugins for Editor in 0.00 ms.
Mono: successfully reloaded assembly
- Completed reload, in  1.328 seconds
Domain Reload Profiling:
	ReloadAssembly (1329ms)
		BeginReloadAssembly (151ms)
			ExecutionOrderSort (0ms)
			DisableScriptedObjects (5ms)
			BackupInstance (0ms)
			ReleaseScriptingObjects (0ms)
			CreateAndSetChildDomain (24ms)
		EndReloadAssembly (1049ms)
			LoadAssemblies (114ms)
			RebuildTransferFunctionScriptingTraits (0ms)
			SetupTypeCache (337ms)
			ReleaseScriptCaches (1ms)
			RebuildScriptCaches (66ms)
			SetupLoadedEditorAssemblies (499ms)
				LogAssemblyErrors (0ms)
				InitializePlatformSupportModulesInManaged (8ms)
				SetLoadedEditorAssemblies (0ms)
				RefreshPlugins (84ms)
				BeforeProcessingInitializeOnLoad (113ms)
				ProcessInitializeOnLoadAttributes (244ms)
				ProcessInitializeOnLoadMethodAttributes (37ms)
				AfterProcessingInitializeOnLoad (14ms)
				EditorAssembliesLoaded (0ms)
			ExecutionOrderSort2 (0ms)
			AwakeInstancesAfterBackupRestoration (7ms)
Platform modules already initialized, skipping
========================================================================
Worker process is ready to serve import requests
Launched and connected shader compiler UnityShaderCompiler.exe after 0.06 seconds
Refreshing native plugins compatible for Editor in 1.38 ms, found 4 plugins.
Preloading 0 native plugins for Editor in 0.00 ms.
Unloading 4063 Unused Serialized files (Serialized files now loaded: 0)
Unloading 35 unused Assets / (56.1 KB). Loaded Objects now: 4516.
Memory consumption went from 154.9 MB to 154.8 MB.
Total: 5.914600 ms (FindLiveObjects: 0.433700 ms CreateObjectMapping: 0.836800 ms MarkObjects: 4.461700 ms  DeleteObjects: 0.180600 ms)

AssetImportParameters requested are different than current active one (requested -> active):
  custom:video-decoder-ogg-theora: a1e56fd34408186e4bbccfd4996cb3dc -> 
  custom:container-muxer-webm: aa71ff27fc2769a1b78a27578f13a17b -> 
  custom:container-demuxer-webm: 4f35f7cbe854078d1ac9338744f61a02 -> 
  custom:video-encoder-webm-vp8: eb34c28f22e8b96e1ab97ce403110664 -> 
  custom:audio-encoder-webm-vorbis: bf7c407c2cedff20999df2af8eb42d56 -> 
  custom:framework-win-MediaFoundation: 216162199b28c13a410421893ffa2e32 -> 
  custom:container-demuxer-ogg: 62fdf1f143b41e24485cea50d1cbac27 -> 
  custom:video-decoder-webm-vp8: 9c59270c3fd7afecdb556c50c9e8de78 -> 
  custom:audio-decoder-ogg-vorbis: bf7c407c2cedff20999df2af8eb42d56 -> 
========================================================================
Received Import Request.
  Time since last request: 386097.709184 seconds.
  path: Assets/Blender/Christian_Robot.fbx
  artifactKey: Guid(cc87854ce119d81408c494f5201e5472) Importer(815301076,1909f56bfc062723c751e8b465ee728b)
Start importing Assets/Blender/Christian_Robot.fbx using Guid(cc87854ce119d81408c494f5201e5472) Importer(815301076,1909f56bfc062723c751e8b465ee728b)  -> (artifact id: 'da56b7f37d40b6ef5bd18483803419d0') in 0.628338 seconds 
========================================================================
Received Import Request.
  Time since last request: 43.455148 seconds.
  path: Assets/AudienceMember.prefab
  artifactKey: Guid(7f9705ae7ccb34f479480dd3d586a588) Importer(815301076,1909f56bfc062723c751e8b465ee728b)
Start importing Assets/AudienceMember.prefab using Guid(7f9705ae7ccb34f479480dd3d586a588) Importer(815301076,1909f56bfc062723c751e8b465ee728b)  -> (artifact id: 'f215150a0ecd41670d3f46c228d65418') in 0.020650 seconds 
========================================================================
Received Import Request.
  Time since last request: 0.000019 seconds.
  path: Assets/Stand.prefab
  artifactKey: Guid(0f8c9d746a02ba740ae7b1256c8c3479) Importer(815301076,1909f56bfc062723c751e8b465ee728b)
Start importing Assets/Stand.prefab using Guid(0f8c9d746a02ba740ae7b1256c8c3479) Importer(815301076,1909f56bfc062723c751e8b465ee728b)  -> (artifact id: 'de23321cc6fa7a1cc6ea1d847562aa47') in 0.016302 seconds 
========================================================================
Received Import Request.
  Time since last request: 0.000018 seconds.
  path: Assets/Retaliate Reaction.prefab
  artifactKey: Guid(292c23823a044774286d9761e982a1ef) Importer(815301076,1909f56bfc062723c751e8b465ee728b)
Start importing Assets/Retaliate Reaction.prefab using Guid(292c23823a044774286d9761e982a1ef) Importer(815301076,1909f56bfc062723c751e8b465ee728b)  -> (artifact id: '690e649a106995e898a46d43ed62cfbf') in 0.043869 seconds 
========================================================================
Received Import Request.
  Time since last request: 0.000031 seconds.
  path: Assets/Forcefield Frank.prefab
  artifactKey: Guid(5399b077a811dd94cacbf1f648961a62) Importer(815301076,1909f56bfc062723c751e8b465ee728b)
Start importing Assets/Forcefield Frank.prefab using Guid(5399b077a811dd94cacbf1f648961a62) Importer(815301076,1909f56bfc062723c751e8b465ee728b)  -> (artifact id: '275bb31723f030a342999bf6c9845504') in 0.333549 seconds 
========================================================================
Received Import Request.
  Time since last request: 0.000051 seconds.
  path: Assets/Segment Display.prefab
  artifactKey: Guid(0025b523a5cd11443982a1d747e6fd39) Importer(815301076,1909f56bfc062723c751e8b465ee728b)
Start importing Assets/Segment Display.prefab using Guid(0025b523a5cd11443982a1d747e6fd39) Importer(815301076,1909f56bfc062723c751e8b465ee728b)  -> (artifact id: '8e7ce5c21c4ac10243b46671da86ea4a') in 0.037825 seconds 
========================================================================
Received Import Request.
  Time since last request: 33.144769 seconds.
  path: Assets/AudienceMember.prefab
  artifactKey: Guid(7f9705ae7ccb34f479480dd3d586a588) Importer(815301076,1909f56bfc062723c751e8b465ee728b)
Start importing Assets/AudienceMember.prefab using Guid(7f9705ae7ccb34f479480dd3d586a588) Importer(815301076,1909f56bfc062723c751e8b465ee728b)  -> (artifact id: '0877fc026a3455520668b2ff22b50076') in 0.010844 seconds 
========================================================================
Received Import Request.
  Time since last request: 0.000019 seconds.
  path: Assets/Jumping Jack.prefab
  artifactKey: Guid(cb68aba8ccfe0994a93bbf98bcc1dd3e) Importer(815301076,1909f56bfc062723c751e8b465ee728b)
Start importing Assets/Jumping Jack.prefab using Guid(cb68aba8ccfe0994a93bbf98bcc1dd3e) Importer(815301076,1909f56bfc062723c751e8b465ee728b)  -> (artifact id: '0b573a831a1339cdd21cfa69bdb2f80a') in 0.063203 seconds 
========================================================================
Received Import Request.
  Time since last request: 0.000025 seconds.
  path: Assets/The Terminated.prefab
  artifactKey: Guid(564970fce7df4b343b7e57f3032ef0c0) Importer(815301076,1909f56bfc062723c751e8b465ee728b)
Start importing Assets/The Terminated.prefab using Guid(564970fce7df4b343b7e57f3032ef0c0) Importer(815301076,1909f56bfc062723c751e8b465ee728b)  -> (artifact id: 'd39de9f80cbf9dd54eb0ad7188a269aa') in 0.057649 seconds 
========================================================================
Received Prepare
Registering precompiled user dll's ...
Registered in 0.008130 seconds.
Begin MonoManager ReloadAssembly
Symbol file LoadedFromMemory doesn't match image C:\Users\Christian\Desktop\Final Project Christian Catalano\Final Project Christian Catalano\Library\PackageCache\com.unity.visualscripting@1.7.8\Editor\VisualScripting.Core\Dependencies\YamlDotNet\Unity.VisualScripting.YamlDotNet.dll
Symbol file LoadedFromMemory doesn't match image C:\Users\Christian\Desktop\Final Project Christian Catalano\Final Project Christian Catalano\Library\PackageCache\com.unity.visualscripting@1.7.8\Editor\VisualScripting.Core\Dependencies\DotNetZip\Unity.VisualScripting.IonicZip.dll
Native extension for WindowsStandalone target not found
Refreshing native plugins compatible for Editor in 0.77 ms, found 4 plugins.
Preloading 0 native plugins for Editor in 0.00 ms.
Mono: successfully reloaded assembly
- Completed reload, in  1.263 seconds
Domain Reload Profiling:
	ReloadAssembly (1264ms)
		BeginReloadAssembly (199ms)
			ExecutionOrderSort (0ms)
			DisableScriptedObjects (4ms)
			BackupInstance (0ms)
			ReleaseScriptingObjects (0ms)
			CreateAndSetChildDomain (41ms)
		EndReloadAssembly (936ms)
			LoadAssemblies (156ms)
			RebuildTransferFunctionScriptingTraits (0ms)
			SetupTypeCache (311ms)
			ReleaseScriptCaches (1ms)
			RebuildScriptCaches (49ms)
			SetupLoadedEditorAssemblies (413ms)
				LogAssemblyErrors (0ms)
				InitializePlatformSupportModulesInManaged (16ms)
				SetLoadedEditorAssemblies (0ms)
				RefreshPlugins (1ms)
				BeforeProcessingInitializeOnLoad (96ms)
				ProcessInitializeOnLoadAttributes (240ms)
				ProcessInitializeOnLoadMethodAttributes (41ms)
				AfterProcessingInitializeOnLoad (18ms)
				EditorAssembliesLoaded (0ms)
			ExecutionOrderSort2 (0ms)
			AwakeInstancesAfterBackupRestoration (11ms)
Platform modules already initialized, skipping
Refreshing native plugins compatible for Editor in 2.74 ms, found 4 plugins.
Preloading 0 native plugins for Editor in 0.00 ms.
Unloading 4039 Unused Serialized files (Serialized files now loaded: 0)
Unloading 26 unused Assets / (24.6 KB). Loaded Objects now: 4568.
Memory consumption went from 170.5 MB to 170.4 MB.
Total: 3.253300 ms (FindLiveObjects: 0.311700 ms CreateObjectMapping: 0.273900 ms MarkObjects: 2.636900 ms  DeleteObjects: 0.029500 ms)

AssetImportParameters requested are different than current active one (requested -> active):
  custom:video-decoder-ogg-theora: a1e56fd34408186e4bbccfd4996cb3dc -> 
  custom:container-muxer-webm: aa71ff27fc2769a1b78a27578f13a17b -> 
  custom:container-demuxer-webm: 4f35f7cbe854078d1ac9338744f61a02 -> 
  custom:video-encoder-webm-vp8: eb34c28f22e8b96e1ab97ce403110664 -> 
  custom:audio-encoder-webm-vorbis: bf7c407c2cedff20999df2af8eb42d56 -> 
  custom:framework-win-MediaFoundation: 216162199b28c13a410421893ffa2e32 -> 
  custom:container-demuxer-ogg: 62fdf1f143b41e24485cea50d1cbac27 -> 
  custom:video-decoder-webm-vp8: 9c59270c3fd7afecdb556c50c9e8de78 -> 
  custom:audio-decoder-ogg-vorbis: bf7c407c2cedff20999df2af8eb42d56 -> 
Editor requested this worker to shutdown with reason: Scaling down because of idle timeout
AssetImportWorker is now disconnected from the server
Process exiting
Exiting without the bug reporter. Application will terminate with return code 0